-------------------------------------------------------------------------------
Test set: com.yui.AppTest
-------------------------------------------------------------------------------
Tests run: 1, Failures: 1, Errors: 0, Skipped: 0, Time elapsed: 0.002 sec <<< FAILURE! - in com.yui.AppTest
com.yui.AppTest.testAll()  Time elapsed: 0.001 sec  <<< FAILURE!
java.lang.NullPointerException
	at com.yui.AppTest.testAll(AppTest.java:48)

